<?xml version="1.0" encoding="UTF-8"?>
<testng-results skipped="0" failed="0" ignored="0" total="2" passed="2">
  <reporter-output>
  </reporter-output>
  <suite name="Default suite" duration-ms="95" started-at="2020-01-31T20:50:52 IST" finished-at="2020-01-31T20:50:52 IST">
    <groups>
    </groups>
    <test name="Default test" duration-ms="95" started-at="2020-01-31T20:50:52 IST" finished-at="2020-01-31T20:50:52 IST">
      <class name="Java.Anotations">
        <test-method status="PASS" signature="main3()[pri:0, instance:Java.Anotations@520a3426]" name="main3" is-config="true" duration-ms="19" started-at="2020-01-31T20:50:52 IST" finished-at="2020-01-31T20:50:52 IST">
          <reporter-output>
          </reporter-output>
        </test-method> <!-- main3 -->
        <test-method status="PASS" signature="main4()[pri:0, instance:Java.Anotations@520a3426]" name="main4" is-config="true" duration-ms="0" started-at="2020-01-31T20:50:52 IST" finished-at="2020-01-31T20:50:52 IST">
          <reporter-output>
          </reporter-output>
        </test-method> <!-- main4 -->
        <test-method status="PASS" signature="main()[pri:0, instance:Java.Anotations@520a3426]" name="main" duration-ms="17" started-at="2020-01-31T20:50:52 IST" finished-at="2020-01-31T20:50:52 IST">
          <reporter-output>
          </reporter-output>
        </test-method> <!-- main -->
        <test-method status="PASS" signature="main5()[pri:0, instance:Java.Anotations@520a3426]" name="main5" is-config="true" duration-ms="1" started-at="2020-01-31T20:50:52 IST" finished-at="2020-01-31T20:50:52 IST">
          <reporter-output>
          </reporter-output>
        </test-method> <!-- main5 -->
        <test-method status="PASS" signature="main4()[pri:0, instance:Java.Anotations@520a3426]" name="main4" is-config="true" duration-ms="2" started-at="2020-01-31T20:50:52 IST" finished-at="2020-01-31T20:50:52 IST">
          <reporter-output>
          </reporter-output>
        </test-method> <!-- main4 -->
        <test-method status="PASS" signature="main2()[pri:0, instance:Java.Anotations@520a3426]" name="main2" duration-ms="2" started-at="2020-01-31T20:50:52 IST" finished-at="2020-01-31T20:50:52 IST">
          <reporter-output>
          </reporter-output>
        </test-method> <!-- main2 -->
        <test-method status="PASS" signature="main5()[pri:0, instance:Java.Anotations@520a3426]" name="main5" is-config="true" duration-ms="1" started-at="2020-01-31T20:50:52 IST" finished-at="2020-01-31T20:50:52 IST">
          <reporter-output>
          </reporter-output>
        </test-method> <!-- main5 -->
        <test-method status="PASS" signature="main6()[pri:0, instance:Java.Anotations@520a3426]" name="main6" is-config="true" duration-ms="1" started-at="2020-01-31T20:50:52 IST" finished-at="2020-01-31T20:50:52 IST">
          <reporter-output>
          </reporter-output>
        </test-method> <!-- main6 -->
      </class> <!-- Java.Anotations -->
    </test> <!-- Default test -->
  </suite> <!-- Default suite -->
</testng-results>
